<?xml version="1.0" encoding="UTF-8"?>
<testng-results skipped="0" failed="0" total="1" passed="1">
    <reporter-output>
    </reporter-output>
    <suite name="Command line suite" duration-ms="4871" started-at="2015-06-12T20:55:10Z"
           finished-at="2015-06-12T20:55:15Z">
        <groups>
        </groups>
        <test name="Command line test" duration-ms="4871" started-at="2015-06-12T20:55:10Z"
              finished-at="2015-06-12T20:55:15Z">
            <class name="batch.JobExecutionTest">
                <test-method status="PASS"
                             signature="springTestContextBeforeTestClass()[pri:0, instance:batch.JobExecutionTest@bec57d6]"
                             name="springTestContextBeforeTestClass" is-config="true" duration-ms="10"
                             started-at="2015-06-12T22:55:10Z" finished-at="2015-06-12T22:55:10Z">
                    <reporter-output>
                    </reporter-output>
                </test-method>
                <!-- springTestContextBeforeTestClass -->
                <test-method status="PASS"
                             signature="springTestContextPrepareTestInstance()[pri:0, instance:batch.JobExecutionTest@bec57d6]"
                             name="springTestContextPrepareTestInstance" is-config="true" duration-ms="3426"
                             started-at="2015-06-12T22:55:10Z"
                             depends-on-methods="org.springframework.test.context.testng.AbstractTestNGSpringContextTests.springTestContextBeforeTestClass"
                             finished-at="2015-06-12T22:55:13Z">
                    <reporter-output>
                    </reporter-output>
                </test-method>
                <!-- springTestContextPrepareTestInstance -->
                <test-method status="PASS"
                             signature="springTestContextBeforeTestMethod(java.lang.reflect.Method)[pri:0, instance:batch.JobExecutionTest@bec57d6]"
                             name="springTestContextBeforeTestMethod" is-config="true" duration-ms="1"
                             started-at="2015-06-12T22:55:13Z" finished-at="2015-06-12T22:55:13Z">
                    <params>
                        <param index="0">
                            <value>
                                <![CDATA[public void batch.JobExecutionTest.launchJob() throws java.lang.Exception]]>
                            </value>
                        </param>
                    </params>
                    <reporter-output>
                    </reporter-output>
                </test-method>
                <!-- springTestContextBeforeTestMethod -->
                <test-method status="PASS" signature="launchJob()[pri:0, instance:batch.JobExecutionTest@bec57d6]"
                             name="launchJob" duration-ms="1418" started-at="2015-06-12T22:55:13Z"
                             finished-at="2015-06-12T22:55:15Z">
                    <reporter-output>
                    </reporter-output>
                </test-method>
                <!-- launchJob -->
                <test-method status="PASS"
                             signature="springTestContextAfterTestMethod(java.lang.reflect.Method)[pri:0, instance:batch.JobExecutionTest@bec57d6]"
                             name="springTestContextAfterTestMethod" is-config="true" duration-ms="3"
                             started-at="2015-06-12T22:55:15Z" finished-at="2015-06-12T22:55:15Z">
                    <params>
                        <param index="0">
                            <value>
                                <![CDATA[public void batch.JobExecutionTest.launchJob() throws java.lang.Exception]]>
                            </value>
                        </param>
                    </params>
                    <reporter-output>
                    </reporter-output>
                </test-method>
                <!-- springTestContextAfterTestMethod -->
                <test-method status="PASS"
                             signature="springTestContextAfterTestClass()[pri:0, instance:batch.JobExecutionTest@bec57d6]"
                             name="springTestContextAfterTestClass" is-config="true" duration-ms="1"
                             started-at="2015-06-12T22:55:15Z" finished-at="2015-06-12T22:55:15Z">
                    <reporter-output>
                    </reporter-output>
                </test-method>
                <!-- springTestContextAfterTestClass -->
            </class>
            <!-- batch.JobExecutionTest -->
        </test>
        <!-- Command line test -->
    </suite>
    <!-- Command line suite -->
</testng-results>
