<?xml version="1.0" encoding="UTF-8"?>
<testng-results skipped="0" failed="0" total="0" passed="0">
    <reporter-output>
    </reporter-output>
    <suite name="org.slevin.batch.AppTest" duration-ms="3" started-at="2015-06-12T20:43:53Z"
           finished-at="2015-06-12T20:43:53Z">
        <groups>
        </groups>
        <test name="Command line test" duration-ms="3" started-at="2015-06-12T20:43:53Z"
              finished-at="2015-06-12T20:43:53Z">
        </test>
        <!-- Command line test -->
    </suite>
    <!-- org.slevin.batch.AppTest -->
</testng-results>
